time="2019-08-16 17:12:47" level=error msg="MySQL 执行Insert失败:  sql: converting argument $1 type: unsupported type []interface {}, a slice of interface" gofile="[mysql.go:154] "
time="2019-08-16 17:12:47" level=error msg="存入token失败" gofile="[auth.go:35] "
time="2019-08-16 17:12:47" level=error msg="存入token失败" gofile="[userauth.go:28] "
time="2019-08-18 22:38:27" level=info msg="MySQL 初始化成功" gofile="[mysql.go:51] "
time="2019-08-19 18:09:01" level=info msg="MySQL 初始化成功" gofile="[mysql.go:51] "
time="2019-08-19 18:09:54" level=info msg="MySQL 初始化成功" gofile="[mysql.go:51] "
time="2019-08-19 18:12:45" level=info msg="MySQL 初始化成功" gofile="[mysql.go:51] "
time="2019-08-19 18:13:11" level=info msg="MySQL 初始化成功" gofile="[mysql.go:51] "
time="2019-08-19 18:21:54" level=error msg="用户认证失败，无法获取token" gofile="[userauth.go:23] "
time="2019-08-19 18:22:03" level=error msg="用户认证失败，无法获取token" gofile="[userauth.go:23] "
time="2019-08-19 18:22:04" level=error msg="用户认证失败，无法获取token" gofile="[userauth.go:23] "
time="2019-08-19 18:22:04" level=error msg="用户认证失败，无法获取token" gofile="[userauth.go:23] "
time="2019-08-19 18:23:05" level=error msg="用户认证失败，无法获取token" gofile="[userauth.go:23] "
time="2019-08-19 18:23:40" level=error msg="用户认证失败，无法获取token" gofile="[userauth.go:23] "
time="2019-08-19 18:25:13" level=info msg="MySQL 初始化成功" gofile="[mysql.go:51] "
time="2019-08-19 18:25:19" level=error msg="用户认证失败，无法获取token" gofile="[userauth.go:23] "
time="2019-08-19 18:25:29" level=error msg="用户认证失败，无法获取token" gofile="[userauth.go:23] "
time="2019-08-19 18:25:36" level=error msg="用户认证失败，无法获取token" gofile="[userauth.go:23] "
time="2019-08-19 18:25:37" level=error msg="用户认证失败，无法获取token" gofile="[userauth.go:23] "
time="2019-08-19 18:25:37" level=error msg="用户认证失败，无法获取token" gofile="[userauth.go:23] "
time="2019-08-19 18:25:37" level=error msg="用户认证失败，无法获取token" gofile="[userauth.go:23] "
time="2019-08-19 18:25:40" level=error msg="用户认证失败，无法获取token" gofile="[userauth.go:23] "
time="2019-08-19 18:25:41" level=error msg="用户认证失败，无法获取token" gofile="[userauth.go:23] "
time="2019-08-19 18:25:41" level=error msg="用户认证失败，无法获取token" gofile="[userauth.go:23] "
time="2019-08-19 18:25:41" level=error msg="用户认证失败，无法获取token" gofile="[userauth.go:23] "
time="2019-08-19 18:25:41" level=error msg="用户认证失败，无法获取token" gofile="[userauth.go:23] "
time="2019-08-19 18:25:41" level=error msg="用户认证失败，无法获取token" gofile="[userauth.go:23] "
time="2019-08-19 18:25:41" level=error msg="用户认证失败，无法获取token" gofile="[userauth.go:23] "
time="2019-08-19 19:11:40" level=error msg="用户认证失败，无法获取token" gofile="[userauth.go:23] "
time="2019-08-20 23:06:36" level=error msg="用户认证失败，无法获取token" gofile="[userauth.go:23] "
time="2019-08-21 10:37:48" level=error msg="MySQL Ping失败,失败原因: %!(EXTRA string=dial tcp 192.168.118.162:3306: connectex: A connection attempt failed because the connected party did not properly respond after a period of time, or established connection failed because connected host has failed to respond.)" gofile="[mysql.go:45] "
time="2019-08-21 10:38:01" level=info msg="MySQL 初始化成功" gofile="[mysql.go:51] "
time="2019-08-21 17:46:24" level=error msg="用户认证失败，无法获取token" gofile="[userauth.go:23] "
time="2019-08-21 17:46:48" level=error msg="用户认证失败，无法获取token" gofile="[userauth.go:23] "
time="2019-08-21 17:46:59" level=error msg="用户认证失败，无法获取token" gofile="[userauth.go:23] "
time="2019-08-21 17:47:03" level=error msg="用户认证失败，无法获取token" gofile="[userauth.go:23] "
time="2019-08-22 01:18:41" level=error msg="用户认证失败，无法获取token" gofile="[userauth.go:23] "
time="2019-08-22 01:18:46" level=error msg="用户认证失败，无法获取token" gofile="[userauth.go:23] "
time="2019-08-22 11:32:35" level=error msg="用户认证失败，无法获取token" gofile="[userauth.go:23] "
time="2019-08-22 11:36:04" level=error msg="MySQL 查询失败:  sql: Scan error on column index 2, name \"rolename\": unsupported Scan, storing driver.Value type <nil> into type *string" gofile="[mysql.go:110] "
time="2019-08-22 11:36:04" level=error msg="用户认证失败" gofile="[auth.go:20] "
time="2019-08-22 11:36:04" level=error msg="用户认证失败，无法获取token" gofile="[userauth.go:23] "
time="2019-08-22 11:36:24" level=error msg="MySQL 查询失败:  sql: Scan error on column index 2, name \"rolename\": unsupported Scan, storing driver.Value type <nil> into type *string" gofile="[mysql.go:110] "
time="2019-08-22 11:36:24" level=error msg="用户认证失败" gofile="[auth.go:20] "
time="2019-08-22 11:36:24" level=error msg="用户认证失败，无法获取token" gofile="[userauth.go:23] "
time="2019-08-22 14:50:14" level=info msg="MySQL 初始化成功" gofile="[mysql.go:51] "
time="2019-08-22 15:08:51" level=info msg="MySQL 初始化成功" gofile="[mysql.go:51] "
time="2019-08-22 15:10:08" level=info msg="MySQL 初始化成功" gofile="[mysql.go:51] "
time="2019-08-22 15:12:52" level=info msg="MySQL 初始化成功" gofile="[mysql.go:51] "
time="2019-08-22 15:15:44" level=info msg="MySQL 初始化成功" gofile="[mysql.go:51] "
time="2019-08-22 15:19:28" level=info msg="MySQL 初始化成功" gofile="[mysql.go:51] "
time="2019-08-22 15:20:19" level=info msg="MySQL 初始化成功" gofile="[mysql.go:51] "
time="2019-08-22 15:22:06" level=info msg="MySQL 初始化成功" gofile="[mysql.go:51] "
time="2019-08-22 15:22:43" level=info msg="MySQL 初始化成功" gofile="[mysql.go:51] "
time="2019-08-22 15:32:29" level=info msg="MySQL 初始化成功" gofile="[mysql.go:51] "
time="2019-08-22 15:42:01" level=info msg="MySQL 初始化成功" gofile="[mysql.go:51] "
time="2019-08-22 15:42:59" level=info msg="MySQL 初始化成功" gofile="[mysql.go:51] "
time="2019-08-22 15:48:53" level=info msg="MySQL 初始化成功" gofile="[mysql.go:51] "
